<?xml version="1.0" encoding="UTF-8"?>
<testsuite xmlns:xsi="http://www.w3.org/2001/XMLSchema-instance" xsi:noNamespaceSchemaLocation="https://maven.apache.org/surefire/maven-surefire-plugin/xsd/surefire-test-report-3.0.xsd" version="3.0" name="com.google.genai.HttpApiClientTest" time="1.218" tests="11" errors="0" skipped="0" failures="2">
  <properties>
    <property name="java.specification.version" value="23"/>
    <property name="sun.jnu.encoding" value="UTF-8"/>
    <property name="java.class.path" value="/Users/ryanoatesmacminibase/java-genai/target/test-classes:/Users/ryanoatesmacminibase/java-genai/target/classes:/Users/ryanoatesmacminibase/.m2/repository/com/google/genai/google-genai/0.1.0/google-genai-0.1.0.jar:/Users/ryanoatesmacminibase/.m2/repository/com/google/auth/google-auth-library-oauth2-http/1.30.1/google-auth-library-oauth2-http-1.30.1.jar:/Users/ryanoatesmacminibase/.m2/repository/com/google/auth/google-auth-library-credentials/1.30.1/google-auth-library-credentials-1.30.1.jar:/Users/ryanoatesmacminibase/.m2/repository/com/google/http-client/google-http-client/1.45.2/google-http-client-1.45.2.jar:/Users/ryanoatesmacminibase/.m2/repository/io/grpc/grpc-context/1.68.2/grpc-context-1.68.2.jar:/Users/ryanoatesmacminibase/.m2/repository/io/grpc/grpc-api/1.68.2/grpc-api-1.68.2.jar:/Users/ryanoatesmacminibase/.m2/repository/io/opencensus/opencensus-api/0.31.1/opencensus-api-0.31.1.jar:/Users/ryanoatesmacminibase/.m2/repository/io/opencensus/opencensus-contrib-http-util/0.31.1/opencensus-contrib-http-util-0.31.1.jar:/Users/ryanoatesmacminibase/.m2/repository/com/google/http-client/google-http-client-gson/1.45.2/google-http-client-gson-1.45.2.jar:/Users/ryanoatesmacminibase/.m2/repository/com/google/code/gson/gson/2.11.0/gson-2.11.0.jar:/Users/ryanoatesmacminibase/.m2/repository/com/google/errorprone/error_prone_annotations/2.36.0/error_prone_annotations-2.36.0.jar:/Users/ryanoatesmacminibase/.m2/repository/org/apache/httpcomponents/httpclient/4.5.13/httpclient-4.5.13.jar:/Users/ryanoatesmacminibase/.m2/repository/commons-logging/commons-logging/1.2/commons-logging-1.2.jar:/Users/ryanoatesmacminibase/.m2/repository/commons-codec/commons-codec/1.11/commons-codec-1.11.jar:/Users/ryanoatesmacminibase/.m2/repository/org/apache/httpcomponents/httpcore/4.4.16/httpcore-4.4.16.jar:/Users/ryanoatesmacminibase/.m2/repository/com/fasterxml/jackson/datatype/jackson-datatype-jdk8/2.17.2/jackson-datatype-jdk8-2.17.2.jar:/Users/ryanoatesmacminibase/.m2/repository/org/mockito/mockito-core/3.12.4/mockito-core-3.12.4.jar:/Users/ryanoatesmacminibase/.m2/repository/net/bytebuddy/byte-buddy/1.11.13/byte-buddy-1.11.13.jar:/Users/ryanoatesmacminibase/.m2/repository/net/bytebuddy/byte-buddy-agent/1.11.13/byte-buddy-agent-1.11.13.jar:/Users/ryanoatesmacminibase/.m2/repository/org/objenesis/objenesis/3.2/objenesis-3.2.jar:/Users/ryanoatesmacminibase/.m2/repository/com/fasterxml/jackson/core/jackson-core/2.17.1/jackson-core-2.17.1.jar:/Users/ryanoatesmacminibase/.m2/repository/com/fasterxml/jackson/core/jackson-databind/2.17.1/jackson-databind-2.17.1.jar:/Users/ryanoatesmacminibase/.m2/repository/com/fasterxml/jackson/core/jackson-annotations/2.17.1/jackson-annotations-2.17.1.jar:/Users/ryanoatesmacminibase/.m2/repository/org/java-websocket/Java-WebSocket/1.5.3/Java-WebSocket-1.5.3.jar:/Users/ryanoatesmacminibase/.m2/repository/org/slf4j/slf4j-api/1.7.25/slf4j-api-1.7.25.jar:/Users/ryanoatesmacminibase/.m2/repository/com/google/auto/value/auto-value-annotations/1.10.1/auto-value-annotations-1.10.1.jar:/Users/ryanoatesmacminibase/.m2/repository/com/google/auto/value/auto-value/1.10.1/auto-value-1.10.1.jar:/Users/ryanoatesmacminibase/.m2/repository/org/jspecify/jspecify/0.3.0/jspecify-0.3.0.jar:/Users/ryanoatesmacminibase/.m2/repository/com/google/api/api-common/2.2.1/api-common-2.2.1.jar:/Users/ryanoatesmacminibase/.m2/repository/com/google/guava/guava/31.1-jre/guava-31.1-jre.jar:/Users/ryanoatesmacminibase/.m2/repository/com/google/guava/failureaccess/1.0.1/failureaccess-1.0.1.jar:/Users/ryanoatesmacminibase/.m2/repository/com/google/guava/listenablefuture/9999.0-empty-to-avoid-conflict-with-guava/listenablefuture-9999.0-empty-to-avoid-conflict-with-guava.jar:/Users/ryanoatesmacminibase/.m2/repository/org/checkerframework/checker-qual/3.12.0/checker-qual-3.12.0.jar:/Users/ryanoatesmacminibase/.m2/repository/com/google/j2objc/j2objc-annotations/1.3/j2objc-annotations-1.3.jar:/Users/ryanoatesmacminibase/.m2/repository/com/google/code/findbugs/jsr305/3.0.2/jsr305-3.0.2.jar:/Users/ryanoatesmacminibase/.m2/repository/javax/annotation/javax.annotation-api/1.3.2/javax.annotation-api-1.3.2.jar:/Users/ryanoatesmacminibase/.m2/repository/org/junit/jupiter/junit-jupiter-api/5.10.0/junit-jupiter-api-5.10.0.jar:/Users/ryanoatesmacminibase/.m2/repository/org/opentest4j/opentest4j/1.3.0/opentest4j-1.3.0.jar:/Users/ryanoatesmacminibase/.m2/repository/org/junit/platform/junit-platform-commons/1.10.0/junit-platform-commons-1.10.0.jar:/Users/ryanoatesmacminibase/.m2/repository/org/apiguardian/apiguardian-api/1.1.2/apiguardian-api-1.1.2.jar:/Users/ryanoatesmacminibase/.m2/repository/org/junit/jupiter/junit-jupiter-engine/5.10.0/junit-jupiter-engine-5.10.0.jar:/Users/ryanoatesmacminibase/.m2/repository/org/junit/platform/junit-platform-engine/1.10.0/junit-platform-engine-1.10.0.jar:/Users/ryanoatesmacminibase/.m2/repository/org/junit/jupiter/junit-jupiter-params/5.10.0/junit-jupiter-params-5.10.0.jar:/Users/ryanoatesmacminibase/.m2/repository/com/github/tomakehurst/wiremock-jre8/2.35.0/wiremock-jre8-2.35.0.jar:/Users/ryanoatesmacminibase/.m2/repository/org/eclipse/jetty/jetty-server/9.4.49.v20220914/jetty-server-9.4.49.v20220914.jar:/Users/ryanoatesmacminibase/.m2/repository/javax/servlet/javax.servlet-api/3.1.0/javax.servlet-api-3.1.0.jar:/Users/ryanoatesmacminibase/.m2/repository/org/eclipse/jetty/jetty-http/9.4.49.v20220914/jetty-http-9.4.49.v20220914.jar:/Users/ryanoatesmacminibase/.m2/repository/org/eclipse/jetty/jetty-io/9.4.49.v20220914/jetty-io-9.4.49.v20220914.jar:/Users/ryanoatesmacminibase/.m2/repository/org/eclipse/jetty/jetty-servlet/9.4.49.v20220914/jetty-servlet-9.4.49.v20220914.jar:/Users/ryanoatesmacminibase/.m2/repository/org/eclipse/jetty/jetty-security/9.4.49.v20220914/jetty-security-9.4.49.v20220914.jar:/Users/ryanoatesmacminibase/.m2/repository/org/eclipse/jetty/jetty-util-ajax/9.4.49.v20220914/jetty-util-ajax-9.4.49.v20220914.jar:/Users/ryanoatesmacminibase/.m2/repository/org/eclipse/jetty/jetty-servlets/9.4.49.v20220914/jetty-servlets-9.4.49.v20220914.jar:/Users/ryanoatesmacminibase/.m2/repository/org/eclipse/jetty/jetty-continuation/9.4.49.v20220914/jetty-continuation-9.4.49.v20220914.jar:/Users/ryanoatesmacminibase/.m2/repository/org/eclipse/jetty/jetty-util/9.4.49.v20220914/jetty-util-9.4.49.v20220914.jar:/Users/ryanoatesmacminibase/.m2/repository/org/eclipse/jetty/jetty-webapp/9.4.49.v20220914/jetty-webapp-9.4.49.v20220914.jar:/Users/ryanoatesmacminibase/.m2/repository/org/eclipse/jetty/jetty-xml/9.4.49.v20220914/jetty-xml-9.4.49.v20220914.jar:/Users/ryanoatesmacminibase/.m2/repository/org/eclipse/jetty/jetty-proxy/9.4.49.v20220914/jetty-proxy-9.4.49.v20220914.jar:/Users/ryanoatesmacminibase/.m2/repository/org/eclipse/jetty/jetty-client/9.4.49.v20220914/jetty-client-9.4.49.v20220914.jar:/Users/ryanoatesmacminibase/.m2/repository/org/eclipse/jetty/http2/http2-server/9.4.49.v20220914/http2-server-9.4.49.v20220914.jar:/Users/ryanoatesmacminibase/.m2/repository/org/eclipse/jetty/http2/http2-common/9.4.49.v20220914/http2-common-9.4.49.v20220914.jar:/Users/ryanoatesmacminibase/.m2/repository/org/eclipse/jetty/http2/http2-hpack/9.4.49.v20220914/http2-hpack-9.4.49.v20220914.jar:/Users/ryanoatesmacminibase/.m2/repository/org/eclipse/jetty/jetty-alpn-server/9.4.49.v20220914/jetty-alpn-server-9.4.49.v20220914.jar:/Users/ryanoatesmacminibase/.m2/repository/org/eclipse/jetty/jetty-alpn-java-server/9.4.49.v20220914/jetty-alpn-java-server-9.4.49.v20220914.jar:/Users/ryanoatesmacminibase/.m2/repository/org/eclipse/jetty/jetty-alpn-openjdk8-server/9.4.49.v20220914/jetty-alpn-openjdk8-server-9.4.49.v20220914.jar:/Users/ryanoatesmacminibase/.m2/repository/org/eclipse/jetty/jetty-alpn-java-client/9.4.49.v20220914/jetty-alpn-java-client-9.4.49.v20220914.jar:/Users/ryanoatesmacminibase/.m2/repository/org/eclipse/jetty/jetty-alpn-client/9.4.49.v20220914/jetty-alpn-client-9.4.49.v20220914.jar:/Users/ryanoatesmacminibase/.m2/repository/org/eclipse/jetty/jetty-alpn-openjdk8-client/9.4.49.v20220914/jetty-alpn-openjdk8-client-9.4.49.v20220914.jar:/Users/ryanoatesmacminibase/.m2/repository/org/apache/httpcomponents/client5/httpclient5/5.1.3/httpclient5-5.1.3.jar:/Users/ryanoatesmacminibase/.m2/repository/org/apache/httpcomponents/core5/httpcore5/5.1.3/httpcore5-5.1.3.jar:/Users/ryanoatesmacminibase/.m2/repository/org/apache/httpcomponents/core5/httpcore5-h2/5.1.3/httpcore5-h2-5.1.3.jar:/Users/ryanoatesmacminibase/.m2/repository/org/xmlunit/xmlunit-core/2.9.0/xmlunit-core-2.9.0.jar:/Users/ryanoatesmacminibase/.m2/repository/jakarta/xml/bind/jakarta.xml.bind-api/2.3.3/jakarta.xml.bind-api-2.3.3.jar:/Users/ryanoatesmacminibase/.m2/repository/jakarta/activation/jakarta.activation-api/1.2.2/jakarta.activation-api-1.2.2.jar:/Users/ryanoatesmacminibase/.m2/repository/org/xmlunit/xmlunit-legacy/2.9.0/xmlunit-legacy-2.9.0.jar:/Users/ryanoatesmacminibase/.m2/repository/org/xmlunit/xmlunit-placeholders/2.9.0/xmlunit-placeholders-2.9.0.jar:/Users/ryanoatesmacminibase/.m2/repository/net/javacrumbs/json-unit/json-unit-core/2.36.0/json-unit-core-2.36.0.jar:/Users/ryanoatesmacminibase/.m2/repository/org/hamcrest/hamcrest-core/2.2/hamcrest-core-2.2.jar:/Users/ryanoatesmacminibase/.m2/repository/org/hamcrest/hamcrest/2.2/hamcrest-2.2.jar:/Users/ryanoatesmacminibase/.m2/repository/com/jayway/jsonpath/json-path/2.7.0/json-path-2.7.0.jar:/Users/ryanoatesmacminibase/.m2/repository/net/minidev/json-smart/2.4.7/json-smart-2.4.7.jar:/Users/ryanoatesmacminibase/.m2/repository/net/minidev/accessors-smart/2.4.7/accessors-smart-2.4.7.jar:/Users/ryanoatesmacminibase/.m2/repository/org/ow2/asm/asm/9.4/asm-9.4.jar:/Users/ryanoatesmacminibase/.m2/repository/net/sf/jopt-simple/jopt-simple/5.0.4/jopt-simple-5.0.4.jar:/Users/ryanoatesmacminibase/.m2/repository/org/apache/commons/commons-lang3/3.12.0/commons-lang3-3.12.0.jar:/Users/ryanoatesmacminibase/.m2/repository/com/github/jknack/handlebars/4.3.1/handlebars-4.3.1.jar:/Users/ryanoatesmacminibase/.m2/repository/com/github/jknack/handlebars-helpers/4.3.1/handlebars-helpers-4.3.1.jar:/Users/ryanoatesmacminibase/.m2/repository/commons-fileupload/commons-fileupload/1.4/commons-fileupload-1.4.jar:/Users/ryanoatesmacminibase/.m2/repository/commons-io/commons-io/2.11.0/commons-io-2.11.0.jar:"/>
    <property name="java.vm.vendor" value="Homebrew"/>
    <property name="sun.arch.data.model" value="64"/>
    <property name="java.vendor.url" value="https://github.com/Homebrew/homebrew-core/issues"/>
    <property name="user.timezone" value="America/Los_Angeles"/>
    <property name="os.name" value="Mac OS X"/>
    <property name="java.vm.specification.version" value="23"/>
    <property name="sun.java.launcher" value="SUN_STANDARD"/>
    <property name="user.country" value="US"/>
    <property name="sun.boot.library.path" value="/opt/homebrew/Cellar/openjdk/23.0.2/libexec/openjdk.jdk/Contents/Home/lib"/>
    <property name="sun.java.command" value="/Users/ryanoatesmacminibase/java-genai/target/surefire/surefirebooter-20250320125819498_3.jar /Users/ryanoatesmacminibase/java-genai/target/surefire 2025-03-20T12-58-19_081-jvmRun1 surefire-20250320125819498_1tmp surefire_0-20250320125819498_2tmp"/>
    <property name="jdk.debug" value="release"/>
    <property name="surefire.test.class.path" value="/Users/ryanoatesmacminibase/java-genai/target/test-classes:/Users/ryanoatesmacminibase/java-genai/target/classes:/Users/ryanoatesmacminibase/.m2/repository/com/google/genai/google-genai/0.1.0/google-genai-0.1.0.jar:/Users/ryanoatesmacminibase/.m2/repository/com/google/auth/google-auth-library-oauth2-http/1.30.1/google-auth-library-oauth2-http-1.30.1.jar:/Users/ryanoatesmacminibase/.m2/repository/com/google/auth/google-auth-library-credentials/1.30.1/google-auth-library-credentials-1.30.1.jar:/Users/ryanoatesmacminibase/.m2/repository/com/google/http-client/google-http-client/1.45.2/google-http-client-1.45.2.jar:/Users/ryanoatesmacminibase/.m2/repository/io/grpc/grpc-context/1.68.2/grpc-context-1.68.2.jar:/Users/ryanoatesmacminibase/.m2/repository/io/grpc/grpc-api/1.68.2/grpc-api-1.68.2.jar:/Users/ryanoatesmacminibase/.m2/repository/io/opencensus/opencensus-api/0.31.1/opencensus-api-0.31.1.jar:/Users/ryanoatesmacminibase/.m2/repository/io/opencensus/opencensus-contrib-http-util/0.31.1/opencensus-contrib-http-util-0.31.1.jar:/Users/ryanoatesmacminibase/.m2/repository/com/google/http-client/google-http-client-gson/1.45.2/google-http-client-gson-1.45.2.jar:/Users/ryanoatesmacminibase/.m2/repository/com/google/code/gson/gson/2.11.0/gson-2.11.0.jar:/Users/ryanoatesmacminibase/.m2/repository/com/google/errorprone/error_prone_annotations/2.36.0/error_prone_annotations-2.36.0.jar:/Users/ryanoatesmacminibase/.m2/repository/org/apache/httpcomponents/httpclient/4.5.13/httpclient-4.5.13.jar:/Users/ryanoatesmacminibase/.m2/repository/commons-logging/commons-logging/1.2/commons-logging-1.2.jar:/Users/ryanoatesmacminibase/.m2/repository/commons-codec/commons-codec/1.11/commons-codec-1.11.jar:/Users/ryanoatesmacminibase/.m2/repository/org/apache/httpcomponents/httpcore/4.4.16/httpcore-4.4.16.jar:/Users/ryanoatesmacminibase/.m2/repository/com/fasterxml/jackson/datatype/jackson-datatype-jdk8/2.17.2/jackson-datatype-jdk8-2.17.2.jar:/Users/ryanoatesmacminibase/.m2/repository/org/mockito/mockito-core/3.12.4/mockito-core-3.12.4.jar:/Users/ryanoatesmacminibase/.m2/repository/net/bytebuddy/byte-buddy/1.11.13/byte-buddy-1.11.13.jar:/Users/ryanoatesmacminibase/.m2/repository/net/bytebuddy/byte-buddy-agent/1.11.13/byte-buddy-agent-1.11.13.jar:/Users/ryanoatesmacminibase/.m2/repository/org/objenesis/objenesis/3.2/objenesis-3.2.jar:/Users/ryanoatesmacminibase/.m2/repository/com/fasterxml/jackson/core/jackson-core/2.17.1/jackson-core-2.17.1.jar:/Users/ryanoatesmacminibase/.m2/repository/com/fasterxml/jackson/core/jackson-databind/2.17.1/jackson-databind-2.17.1.jar:/Users/ryanoatesmacminibase/.m2/repository/com/fasterxml/jackson/core/jackson-annotations/2.17.1/jackson-annotations-2.17.1.jar:/Users/ryanoatesmacminibase/.m2/repository/org/java-websocket/Java-WebSocket/1.5.3/Java-WebSocket-1.5.3.jar:/Users/ryanoatesmacminibase/.m2/repository/org/slf4j/slf4j-api/1.7.25/slf4j-api-1.7.25.jar:/Users/ryanoatesmacminibase/.m2/repository/com/google/auto/value/auto-value-annotations/1.10.1/auto-value-annotations-1.10.1.jar:/Users/ryanoatesmacminibase/.m2/repository/com/google/auto/value/auto-value/1.10.1/auto-value-1.10.1.jar:/Users/ryanoatesmacminibase/.m2/repository/org/jspecify/jspecify/0.3.0/jspecify-0.3.0.jar:/Users/ryanoatesmacminibase/.m2/repository/com/google/api/api-common/2.2.1/api-common-2.2.1.jar:/Users/ryanoatesmacminibase/.m2/repository/com/google/guava/guava/31.1-jre/guava-31.1-jre.jar:/Users/ryanoatesmacminibase/.m2/repository/com/google/guava/failureaccess/1.0.1/failureaccess-1.0.1.jar:/Users/ryanoatesmacminibase/.m2/repository/com/google/guava/listenablefuture/9999.0-empty-to-avoid-conflict-with-guava/listenablefuture-9999.0-empty-to-avoid-conflict-with-guava.jar:/Users/ryanoatesmacminibase/.m2/repository/org/checkerframework/checker-qual/3.12.0/checker-qual-3.12.0.jar:/Users/ryanoatesmacminibase/.m2/repository/com/google/j2objc/j2objc-annotations/1.3/j2objc-annotations-1.3.jar:/Users/ryanoatesmacminibase/.m2/repository/com/google/code/findbugs/jsr305/3.0.2/jsr305-3.0.2.jar:/Users/ryanoatesmacminibase/.m2/repository/javax/annotation/javax.annotation-api/1.3.2/javax.annotation-api-1.3.2.jar:/Users/ryanoatesmacminibase/.m2/repository/org/junit/jupiter/junit-jupiter-api/5.10.0/junit-jupiter-api-5.10.0.jar:/Users/ryanoatesmacminibase/.m2/repository/org/opentest4j/opentest4j/1.3.0/opentest4j-1.3.0.jar:/Users/ryanoatesmacminibase/.m2/repository/org/junit/platform/junit-platform-commons/1.10.0/junit-platform-commons-1.10.0.jar:/Users/ryanoatesmacminibase/.m2/repository/org/apiguardian/apiguardian-api/1.1.2/apiguardian-api-1.1.2.jar:/Users/ryanoatesmacminibase/.m2/repository/org/junit/jupiter/junit-jupiter-engine/5.10.0/junit-jupiter-engine-5.10.0.jar:/Users/ryanoatesmacminibase/.m2/repository/org/junit/platform/junit-platform-engine/1.10.0/junit-platform-engine-1.10.0.jar:/Users/ryanoatesmacminibase/.m2/repository/org/junit/jupiter/junit-jupiter-params/5.10.0/junit-jupiter-params-5.10.0.jar:/Users/ryanoatesmacminibase/.m2/repository/com/github/tomakehurst/wiremock-jre8/2.35.0/wiremock-jre8-2.35.0.jar:/Users/ryanoatesmacminibase/.m2/repository/org/eclipse/jetty/jetty-server/9.4.49.v20220914/jetty-server-9.4.49.v20220914.jar:/Users/ryanoatesmacminibase/.m2/repository/javax/servlet/javax.servlet-api/3.1.0/javax.servlet-api-3.1.0.jar:/Users/ryanoatesmacminibase/.m2/repository/org/eclipse/jetty/jetty-http/9.4.49.v20220914/jetty-http-9.4.49.v20220914.jar:/Users/ryanoatesmacminibase/.m2/repository/org/eclipse/jetty/jetty-io/9.4.49.v20220914/jetty-io-9.4.49.v20220914.jar:/Users/ryanoatesmacminibase/.m2/repository/org/eclipse/jetty/jetty-servlet/9.4.49.v20220914/jetty-servlet-9.4.49.v20220914.jar:/Users/ryanoatesmacminibase/.m2/repository/org/eclipse/jetty/jetty-security/9.4.49.v20220914/jetty-security-9.4.49.v20220914.jar:/Users/ryanoatesmacminibase/.m2/repository/org/eclipse/jetty/jetty-util-ajax/9.4.49.v20220914/jetty-util-ajax-9.4.49.v20220914.jar:/Users/ryanoatesmacminibase/.m2/repository/org/eclipse/jetty/jetty-servlets/9.4.49.v20220914/jetty-servlets-9.4.49.v20220914.jar:/Users/ryanoatesmacminibase/.m2/repository/org/eclipse/jetty/jetty-continuation/9.4.49.v20220914/jetty-continuation-9.4.49.v20220914.jar:/Users/ryanoatesmacminibase/.m2/repository/org/eclipse/jetty/jetty-util/9.4.49.v20220914/jetty-util-9.4.49.v20220914.jar:/Users/ryanoatesmacminibase/.m2/repository/org/eclipse/jetty/jetty-webapp/9.4.49.v20220914/jetty-webapp-9.4.49.v20220914.jar:/Users/ryanoatesmacminibase/.m2/repository/org/eclipse/jetty/jetty-xml/9.4.49.v20220914/jetty-xml-9.4.49.v20220914.jar:/Users/ryanoatesmacminibase/.m2/repository/org/eclipse/jetty/jetty-proxy/9.4.49.v20220914/jetty-proxy-9.4.49.v20220914.jar:/Users/ryanoatesmacminibase/.m2/repository/org/eclipse/jetty/jetty-client/9.4.49.v20220914/jetty-client-9.4.49.v20220914.jar:/Users/ryanoatesmacminibase/.m2/repository/org/eclipse/jetty/http2/http2-server/9.4.49.v20220914/http2-server-9.4.49.v20220914.jar:/Users/ryanoatesmacminibase/.m2/repository/org/eclipse/jetty/http2/http2-common/9.4.49.v20220914/http2-common-9.4.49.v20220914.jar:/Users/ryanoatesmacminibase/.m2/repository/org/eclipse/jetty/http2/http2-hpack/9.4.49.v20220914/http2-hpack-9.4.49.v20220914.jar:/Users/ryanoatesmacminibase/.m2/repository/org/eclipse/jetty/jetty-alpn-server/9.4.49.v20220914/jetty-alpn-server-9.4.49.v20220914.jar:/Users/ryanoatesmacminibase/.m2/repository/org/eclipse/jetty/jetty-alpn-java-server/9.4.49.v20220914/jetty-alpn-java-server-9.4.49.v20220914.jar:/Users/ryanoatesmacminibase/.m2/repository/org/eclipse/jetty/jetty-alpn-openjdk8-server/9.4.49.v20220914/jetty-alpn-openjdk8-server-9.4.49.v20220914.jar:/Users/ryanoatesmacminibase/.m2/repository/org/eclipse/jetty/jetty-alpn-java-client/9.4.49.v20220914/jetty-alpn-java-client-9.4.49.v20220914.jar:/Users/ryanoatesmacminibase/.m2/repository/org/eclipse/jetty/jetty-alpn-client/9.4.49.v20220914/jetty-alpn-client-9.4.49.v20220914.jar:/Users/ryanoatesmacminibase/.m2/repository/org/eclipse/jetty/jetty-alpn-openjdk8-client/9.4.49.v20220914/jetty-alpn-openjdk8-client-9.4.49.v20220914.jar:/Users/ryanoatesmacminibase/.m2/repository/org/apache/httpcomponents/client5/httpclient5/5.1.3/httpclient5-5.1.3.jar:/Users/ryanoatesmacminibase/.m2/repository/org/apache/httpcomponents/core5/httpcore5/5.1.3/httpcore5-5.1.3.jar:/Users/ryanoatesmacminibase/.m2/repository/org/apache/httpcomponents/core5/httpcore5-h2/5.1.3/httpcore5-h2-5.1.3.jar:/Users/ryanoatesmacminibase/.m2/repository/org/xmlunit/xmlunit-core/2.9.0/xmlunit-core-2.9.0.jar:/Users/ryanoatesmacminibase/.m2/repository/jakarta/xml/bind/jakarta.xml.bind-api/2.3.3/jakarta.xml.bind-api-2.3.3.jar:/Users/ryanoatesmacminibase/.m2/repository/jakarta/activation/jakarta.activation-api/1.2.2/jakarta.activation-api-1.2.2.jar:/Users/ryanoatesmacminibase/.m2/repository/org/xmlunit/xmlunit-legacy/2.9.0/xmlunit-legacy-2.9.0.jar:/Users/ryanoatesmacminibase/.m2/repository/org/xmlunit/xmlunit-placeholders/2.9.0/xmlunit-placeholders-2.9.0.jar:/Users/ryanoatesmacminibase/.m2/repository/net/javacrumbs/json-unit/json-unit-core/2.36.0/json-unit-core-2.36.0.jar:/Users/ryanoatesmacminibase/.m2/repository/org/hamcrest/hamcrest-core/2.2/hamcrest-core-2.2.jar:/Users/ryanoatesmacminibase/.m2/repository/org/hamcrest/hamcrest/2.2/hamcrest-2.2.jar:/Users/ryanoatesmacminibase/.m2/repository/com/jayway/jsonpath/json-path/2.7.0/json-path-2.7.0.jar:/Users/ryanoatesmacminibase/.m2/repository/net/minidev/json-smart/2.4.7/json-smart-2.4.7.jar:/Users/ryanoatesmacminibase/.m2/repository/net/minidev/accessors-smart/2.4.7/accessors-smart-2.4.7.jar:/Users/ryanoatesmacminibase/.m2/repository/org/ow2/asm/asm/9.4/asm-9.4.jar:/Users/ryanoatesmacminibase/.m2/repository/net/sf/jopt-simple/jopt-simple/5.0.4/jopt-simple-5.0.4.jar:/Users/ryanoatesmacminibase/.m2/repository/org/apache/commons/commons-lang3/3.12.0/commons-lang3-3.12.0.jar:/Users/ryanoatesmacminibase/.m2/repository/com/github/jknack/handlebars/4.3.1/handlebars-4.3.1.jar:/Users/ryanoatesmacminibase/.m2/repository/com/github/jknack/handlebars-helpers/4.3.1/handlebars-helpers-4.3.1.jar:/Users/ryanoatesmacminibase/.m2/repository/commons-fileupload/commons-fileupload/1.4/commons-fileupload-1.4.jar:/Users/ryanoatesmacminibase/.m2/repository/commons-io/commons-io/2.11.0/commons-io-2.11.0.jar:"/>
    <property name="sun.cpu.endian" value="little"/>
    <property name="user.home" value="/Users/ryanoatesmacminibase"/>
    <property name="user.language" value="en"/>
    <property name="java.specification.vendor" value="Oracle Corporation"/>
    <property name="java.version.date" value="2025-01-21"/>
    <property name="java.home" value="/opt/homebrew/Cellar/openjdk/23.0.2/libexec/openjdk.jdk/Contents/Home"/>
    <property name="file.separator" value="/"/>
    <property name="basedir" value="/Users/ryanoatesmacminibase/java-genai"/>
    <property name="java.vm.compressedOopsMode" value="Zero based"/>
    <property name="line.separator" value="&#10;"/>
    <property name="java.vm.specification.vendor" value="Oracle Corporation"/>
    <property name="java.specification.name" value="Java Platform API Specification"/>
    <property name="apple.awt.application.name" value="ForkedBooter"/>
    <property name="surefire.real.class.path" value="/Users/ryanoatesmacminibase/java-genai/target/surefire/surefirebooter-20250320125819498_3.jar"/>
    <property name="sun.management.compiler" value="HotSpot 64-Bit Tiered Compilers"/>
    <property name="org.eclipse.jetty.http.HttpGenerator.STRICT" value="true"/>
    <property name="java.runtime.version" value="23.0.2"/>
    <property name="user.name" value="ryanoatesmacminibase"/>
    <property name="stdout.encoding" value="UTF-8"/>
    <property name="path.separator" value=":"/>
    <property name="os.version" value="15.4"/>
    <property name="java.runtime.name" value="OpenJDK Runtime Environment"/>
    <property name="file.encoding" value="UTF-8"/>
    <property name="java.vm.name" value="OpenJDK 64-Bit Server VM"/>
    <property name="java.vendor.version" value="Homebrew"/>
    <property name="localRepository" value="/Users/ryanoatesmacminibase/.m2/repository"/>
    <property name="javax.xml.xpath.XPathFactory:http://java.sun.com/jaxp/xpath/dom" value="com.sun.org.apache.xpath.internal.jaxp.XPathFactoryImpl"/>
    <property name="java.vendor.url.bug" value="https://github.com/Homebrew/homebrew-core/issues"/>
    <property name="jetty.git.hash" value="4231a3b2e4cb8548a412a789936d640a97b1aa0a"/>
    <property name="java.io.tmpdir" value="/var/folders/0s/_vt71zzs3l3gv9wy381njv500000gn/T/"/>
    <property name="java.version" value="23.0.2"/>
    <property name="user.dir" value="/Users/ryanoatesmacminibase/java-genai"/>
    <property name="os.arch" value="aarch64"/>
    <property name="java.vm.specification.name" value="Java Virtual Machine Specification"/>
    <property name="native.encoding" value="UTF-8"/>
    <property name="java.library.path" value="/Users/ryanoatesmacminibase/Library/Java/Extensions:/Library/Java/Extensions:/Network/Library/Java/Extensions:/System/Library/Java/Extensions:/usr/lib/java:."/>
    <property name="java.vm.info" value="mixed mode, sharing"/>
    <property name="stderr.encoding" value="UTF-8"/>
    <property name="java.vendor" value="Homebrew"/>
    <property name="java.vm.version" value="23.0.2"/>
    <property name="sun.io.unicode.encoding" value="UnicodeBig"/>
    <property name="javax.xml.transform.TransformerFactory" value="com.sun.org.apache.xalan.internal.xsltc.trax.TransformerFactoryImpl"/>
    <property name="java.class.version" value="67.0"/>
  </properties>
  <testcase name="testHttpClientVertexWithGlobalEndpoint" classname="com.google.genai.HttpApiClientTest" time="0.085"/>
  <testcase name="testInitHttpClientVertexWithPartialHttpOptions" classname="com.google.genai.HttpApiClientTest" time="0.028">
    <failure message="expected: &lt;https://location-aiplatform.googleapis.com/&gt; but was: &lt;null&gt;" type="org.opentest4j.AssertionFailedError"><![CDATA[org.opentest4j.AssertionFailedError: expected: <https://location-aiplatform.googleapis.com/> but was: <null>
	at org.junit.jupiter.api.AssertionFailureBuilder.build(AssertionFailureBuilder.java:151)
	at org.junit.jupiter.api.AssertionFailureBuilder.buildAndThrow(AssertionFailureBuilder.java:132)
	at org.junit.jupiter.api.AssertEquals.failNotEqual(AssertEquals.java:197)
	at org.junit.jupiter.api.AssertEquals.assertEquals(AssertEquals.java:182)
	at org.junit.jupiter.api.AssertEquals.assertEquals(AssertEquals.java:177)
	at org.junit.jupiter.api.Assertions.assertEquals(Assertions.java:1141)
	at com.google.genai.HttpApiClientTest.testInitHttpClientVertexWithPartialHttpOptions(HttpApiClientTest.java:146)
	at java.base/java.lang.reflect.Method.invoke(Method.java:580)
	at java.base/java.util.ArrayList.forEach(ArrayList.java:1597)
	at java.base/java.util.ArrayList.forEach(ArrayList.java:1597)
]]></failure>
  </testcase>
  <testcase name="testHttpClientMLDevTimeout" classname="com.google.genai.HttpApiClientTest" time="0.003"/>
  <testcase name="testInitHttpClientVertex" classname="com.google.genai.HttpApiClientTest" time="0.023"/>
  <testcase name="testHttpClientWithCustomCredentials" classname="com.google.genai.HttpApiClientTest" time="0.181"/>
  <testcase name="testHttpClientNoTimeout" classname="com.google.genai.HttpApiClientTest" time="0.003"/>
  <testcase name="testInitHttpClientMldev" classname="com.google.genai.HttpApiClientTest" time="0.003"/>
  <testcase name="testHttpClientVertexTimeout" classname="com.google.genai.HttpApiClientTest" time="0.002"/>
  <testcase name="testProxySetup" classname="com.google.genai.HttpApiClientTest" time="0.864">
    <system-err><![CDATA[SLF4J: Failed to load class "org.slf4j.impl.StaticLoggerBinder".
SLF4J: Defaulting to no-operation (NOP) logger implementation
SLF4J: See http://www.slf4j.org/codes.html#StaticLoggerBinder for further details.
]]></system-err>
  </testcase>
  <testcase name="testInitHttpClientMldevWithPartialHttpOptions" classname="com.google.genai.HttpApiClientTest" time="0.002">
    <failure message="expected: &lt;https://generativelanguage.googleapis.com/&gt; but was: &lt;null&gt;" type="org.opentest4j.AssertionFailedError"><![CDATA[org.opentest4j.AssertionFailedError: expected: <https://generativelanguage.googleapis.com/> but was: <null>
	at org.junit.jupiter.api.AssertionFailureBuilder.build(AssertionFailureBuilder.java:151)
	at org.junit.jupiter.api.AssertionFailureBuilder.buildAndThrow(AssertionFailureBuilder.java:132)
	at org.junit.jupiter.api.AssertEquals.failNotEqual(AssertEquals.java:197)
	at org.junit.jupiter.api.AssertEquals.assertEquals(AssertEquals.java:182)
	at org.junit.jupiter.api.AssertEquals.assertEquals(AssertEquals.java:177)
	at org.junit.jupiter.api.Assertions.assertEquals(Assertions.java:1141)
	at com.google.genai.HttpApiClientTest.testInitHttpClientMldevWithPartialHttpOptions(HttpApiClientTest.java:123)
	at java.base/java.lang.reflect.Method.invoke(Method.java:580)
	at java.base/java.util.ArrayList.forEach(ArrayList.java:1597)
	at java.base/java.util.ArrayList.forEach(ArrayList.java:1597)
]]></failure>
  </testcase>
  <testcase name="testHttpClientVertexNoTimeout" classname="com.google.genai.HttpApiClientTest" time="0.002"/>
</testsuite>